<?xml version="1.0" encoding="UTF-8"?>
<!-- Generated by org.testng.reporters.JUnitReportReporter -->
<testsuite hostname="LIN30000678" failures="0" tests="1" name="files.Incidents_Auth" time="1.961" errors="0" timestamp="2022-10-30T01:03:12 IST" skipped="0">
  <testcase classname="files.Incidents_Auth" name="CreateIncident" time="1.961"/>
  <system-out/>
</testsuite> <!-- files.Incidents_Auth -->
